<?xml version="1.0" encoding="UTF-8"?>
<!-- Generated by org.testng.reporters.JUnitReportReporter -->
<testsuite hostname="Sasikumar" failures="0" tests="1" name="org.xyz.tests.XyZ" time="2.836" errors="0" timestamp="2025-02-27T15:35:25 IST" skipped="0">
  <testcase classname="org.xyz.tests.XyZ" name="one" time="2.836"/>
</testsuite> <!-- org.xyz.tests.XyZ -->
